# JRE version: OpenJDK Runtime Environment (8.0_152-b02) (build 1.8.0_152-release-1024-b02)
# Java VM: OpenJDK 64-Bit Server VM (25.152-b02 mixed mode windows-amd64 compressed oops)
Heap:
 PSYoungGen      total 124928K, used 2299K [0x00000000eab00000, 0x00000000f6880000, 0x0000000100000000)
  eden space 111616K, 2% used [0x00000000eab00000,0x00000000ead3ed10,0x00000000f1800000)
  from space 13312K, 0% used [0x00000000f1800000,0x00000000f1800000,0x00000000f2500000)
  to   space 13824K, 0% used [0x00000000f5b00000,0x00000000f5b00000,0x00000000f6880000)
 ParOldGen       total 143360K, used 19631K [0x00000000c0000000, 0x00000000c8c00000, 0x00000000eab00000)
  object space 143360K, 13% used [0x00000000c0000000,0x00000000c132bd68,0x00000000c8c00000)
 Metaspace       used 35145K, capacity 35860K, committed 36224K, reserved 1081344K
  class space    used 4748K, capacity 4910K, committed 4992K, reserved 1048576K
GC Heap History (10 events):
Event: 1.986 GC heap after
Heap after GC invocations=2 (full 0):
 PSYoungGen      total 95744K, used 11372K [0x00000000eab00000, 0x00000000f1580000, 0x0000000100000000)
  eden space 82432K, 0% used [0x00000000eab00000,0x00000000eab00000,0x00000000efb80000)
  from space 13312K, 85% used [0x00000000f0880000,0x00000000f139b3f8,0x00000000f1580000)
  to   space 13312K, 0% used [0x00000000efb80000,0x00000000efb80000,0x00000000f0880000)
 ParOldGen       total 218624K, used 24K [0x00000000c0000000, 0x00000000cd580000, 0x00000000eab00000)
  object space 218624K, 0% used [0x00000000c0000000,0x00000000c0006000,0x00000000cd580000)
 Metaspace       used 20887K, capacity 21212K, committed 21296K, reserved 1067008K
  class space    used 2781K, capacity 2913K, committed 2944K, reserved 1048576K
}
Event: 1.986 GC heap before
{Heap before GC invocations=3 (full 1):
 PSYoungGen      total 95744K, used 11372K [0x00000000eab00000, 0x00000000f1580000, 0x0000000100000000)
  eden space 82432K, 0% used [0x00000000eab00000,0x00000000eab00000,0x00000000efb80000)
  from space 13312K, 85% used [0x00000000f0880000,0x00000000f139b3f8,0x00000000f1580000)
  to   space 13312K, 0% used [0x00000000efb80000,0x00000000efb80000,0x00000000f0880000)
 ParOldGen       total 218624K, used 24K [0x00000000c0000000, 0x00000000cd580000, 0x00000000eab00000)
  object space 218624K, 0% used [0x00000000c0000000,0x00000000c0006000,0x00000000cd580000)
 Metaspace       used 20887K, capacity 21212K, committed 21296K, reserved 1067008K
  class space    used 2781K, capacity 2913K, committed 2944K, reserved 1048576K
Event: 2.022 GC heap after
Heap after GC invocations=3 (full 1):
 PSYoungGen      total 95744K, used 0K [0x00000000eab00000, 0x00000000f1580000, 0x0000000100000000)
  eden space 82432K, 0% used [0x00000000eab00000,0x00000000eab00000,0x00000000efb80000)
  from space 13312K, 0% used [0x00000000f0880000,0x00000000f0880000,0x00000000f1580000)
  to   space 13312K, 0% used [0x00000000efb80000,0x00000000efb80000,0x00000000f0880000)
 ParOldGen       total 143360K, used 10973K [0x00000000c0000000, 0x00000000c8c00000, 0x00000000eab00000)
  object space 143360K, 7% used [0x00000000c0000000,0x00000000c0ab7408,0x00000000c8c00000)
 Metaspace       used 20887K, capacity 21212K, committed 21296K, reserved 1067008K
  class space    used 2781K, capacity 2913K, committed 2944K, reserved 1048576K
}
Event: 3.193 GC heap before
{Heap before GC invocations=4 (full 1):
 PSYoungGen      total 95744K, used 82432K [0x00000000eab00000, 0x00000000f1580000, 0x0000000100000000)
  eden space 82432K, 100% used [0x00000000eab00000,0x00000000efb80000,0x00000000efb80000)
  from space 13312K, 0% used [0x00000000f0880000,0x00000000f0880000,0x00000000f1580000)
  to   space 13312K, 0% used [0x00000000efb80000,0x00000000efb80000,0x00000000f0880000)
 ParOldGen       total 143360K, used 10973K [0x00000000c0000000, 0x00000000c8c00000, 0x00000000eab00000)
  object space 143360K, 7% used [0x00000000c0000000,0x00000000c0ab7408,0x00000000c8c00000)
 Metaspace       used 27146K, capacity 27654K, committed 27904K, reserved 1073152K
  class space    used 3644K, capacity 3821K, committed 3840K, reserved 1048576K
Event: 3.199 GC heap after
Heap after GC invocations=4 (full 1):
 PSYoungGen      total 95744K, used 8653K [0x00000000eab00000, 0x00000000f3200000, 0x0000000100000000)
  eden space 82432K, 0% used [0x00000000eab00000,0x00000000eab00000,0x00000000efb80000)
  from space 13312K, 65% used [0x00000000efb80000,0x00000000f03f3598,0x00000000f0880000)
  to   space 13312K, 0% used [0x00000000f2500000,0x00000000f2500000,0x00000000f3200000)
 ParOldGen       total 143360K, used 11045K [0x00000000c0000000, 0x00000000c8c00000, 0x00000000eab00000)
  object space 143360K, 7% used [0x00000000c0000000,0x00000000c0ac9418,0x00000000c8c00000)
 Metaspace       used 27146K, capacity 27654K, committed 27904K, reserved 1073152K
  class space    used 3644K, capacity 3821K, committed 3840K, reserved 1048576K
}
Event: 3.796 GC heap before
{Heap before GC invocations=5 (full 1):
 PSYoungGen      total 95744K, used 91085K [0x00000000eab00000, 0x00000000f3200000, 0x0000000100000000)
  eden space 82432K, 100% used [0x00000000eab00000,0x00000000efb80000,0x00000000efb80000)
  from space 13312K, 65% used [0x00000000efb80000,0x00000000f03f3598,0x00000000f0880000)
  to   space 13312K, 0% used [0x00000000f2500000,0x00000000f2500000,0x00000000f3200000)
 ParOldGen       total 143360K, used 11045K [0x00000000c0000000, 0x00000000c8c00000, 0x00000000eab00000)
  object space 143360K, 7% used [0x00000000c0000000,0x00000000c0ac9418,0x00000000c8c00000)
 Metaspace       used 32304K, capacity 32784K, committed 33152K, reserved 1077248K
  class space    used 4293K, capacity 4437K, committed 4480K, reserved 1048576K
Event: 3.806 GC heap after
Heap after GC invocations=5 (full 1):
 PSYoungGen      total 124928K, used 12192K [0x00000000eab00000, 0x00000000f3500000, 0x0000000100000000)
  eden space 111616K, 0% used [0x00000000eab00000,0x00000000eab00000,0x00000000f1800000)
  from space 13312K, 91% used [0x00000000f2500000,0x00000000f30e8088,0x00000000f3200000)
  to   space 13312K, 0% used [0x00000000f1800000,0x00000000f1800000,0x00000000f2500000)
 ParOldGen       total 143360K, used 11053K [0x00000000c0000000, 0x00000000c8c00000, 0x00000000eab00000)
  object space 143360K, 7% used [0x00000000c0000000,0x00000000c0acb418,0x00000000c8c00000)
 Metaspace       used 32304K, capacity 32784K, committed 33152K, reserved 1077248K
  class space    used 4293K, capacity 4437K, committed 4480K, reserved 1048576K
}
Event: 4.108 GC heap before
{Heap before GC invocations=6 (full 1):
 PSYoungGen      total 124928K, used 44379K [0x00000000eab00000, 0x00000000f3500000, 0x0000000100000000)
  eden space 111616K, 28% used [0x00000000eab00000,0x00000000eca6ec88,0x00000000f1800000)
  from space 13312K, 91% used [0x00000000f2500000,0x00000000f30e8088,0x00000000f3200000)
  to   space 13312K, 0% used [0x00000000f1800000,0x00000000f1800000,0x00000000f2500000)
 ParOldGen       total 143360K, used 11053K [0x00000000c0000000, 0x00000000c8c00000, 0x00000000eab00000)
  object space 143360K, 7% used [0x00000000c0000000,0x00000000c0acb418,0x00000000c8c00000)
 Metaspace       used 34720K, capacity 35388K, committed 35496K, reserved 1079296K
  class space    used 4676K, capacity 4842K, committed 4864K, reserved 1048576K
Event: 4.119 GC heap after
Heap after GC invocations=6 (full 1):
 PSYoungGen      total 124928K, used 12343K [0x00000000eab00000, 0x00000000f6880000, 0x0000000100000000)
  eden space 111616K, 0% used [0x00000000eab00000,0x00000000eab00000,0x00000000f1800000)
  from space 13312K, 92% used [0x00000000f1800000,0x00000000f240df60,0x00000000f2500000)
  to   space 13824K, 0% used [0x00000000f5b00000,0x00000000f5b00000,0x00000000f6880000)
 ParOldGen       total 143360K, used 11061K [0x00000000c0000000, 0x00000000c8c00000, 0x00000000eab00000)
  object space 143360K, 7% used [0x00000000c0000000,0x00000000c0acd418,0x00000000c8c00000)
 Metaspace       used 34720K, capacity 35388K, committed 35496K, reserved 1079296K
  class space    used 4676K, capacity 4842K, committed 4864K, reserved 1048576K
}
Event: 4.119 GC heap before
{Heap before GC invocations=7 (full 2):
 PSYoungGen      total 124928K, used 12343K [0x00000000eab00000, 0x00000000f6880000, 0x0000000100000000)
  eden space 111616K, 0% used [0x00000000eab00000,0x00000000eab00000,0x00000000f1800000)
  from space 13312K, 92% used [0x00000000f1800000,0x00000000f240df60,0x00000000f2500000)
  to   space 13824K, 0% used [0x00000000f5b00000,0x00000000f5b00000,0x00000000f6880000)
 ParOldGen       total 143360K, used 11061K [0x00000000c0000000, 0x00000000c8c00000, 0x00000000eab00000)
  object space 143360K, 7% used [0x00000000c0000000,0x00000000c0acd418,0x00000000c8c00000)
 Metaspace       used 34720K, capacity 35388K, committed 35496K, reserved 1079296K
  class space    used 4676K, capacity 4842K, committed 4864K, reserved 1048576K

